05-01-2018 @ 08:30:37 - 
====Stripe Version: 4.1.2====
====Start Log====
Keys are not set correctly.
====End Log====


05-02-2018 @ 08:25:43 - 
====Stripe Version: 4.1.2====
====Start Log====
Keys are not set correctly.
====End Log====


05-04-2018 @ 08:11:49 - 
====Stripe Version: 4.1.2====
====Start Log====
Keys are not set correctly.
====End Log====


05-04-2018 @ 08:13:47 - 
====Stripe Version: 4.1.2====
====Start Log====
Error: Unable to create domain association folder to domain root.
====End Log====


05-04-2018 @ 08:16:59 - 
====Stripe Version: 4.1.2====
====Start Log====
Error: Unable to create domain association folder to domain root.
====End Log====


